<?xml version="1.0" encoding="UTF-8"?>
<testng-results skipped="0" failed="0" total="1" passed="1">
  <reporter-output>
  </reporter-output>
  <suite name="Default suite" duration-ms="27670" started-at="2019-11-05T00:55:01Z" finished-at="2019-11-05T00:55:28Z">
    <groups>
    </groups>
    <test name="Default test" duration-ms="27670" started-at="2019-11-05T00:55:01Z" finished-at="2019-11-05T00:55:28Z">
      <class name="vasudeva.AppTest">
        <test-method status="PASS" signature="sample()[pri:0, instance:vasudeva.AppTest@3f0ee7cb]" name="sample" duration-ms="27634" started-at="2019-11-05T06:25:01Z" finished-at="2019-11-05T06:25:28Z">
          <reporter-output>
          </reporter-output>
        </test-method> <!-- sample -->
      </class> <!-- vasudeva.AppTest -->
    </test> <!-- Default test -->
  </suite> <!-- Default suite -->
</testng-results>
